[debug] [2025-04-05T15:21:53.953Z] ----------------------------------------------------------------------
[debug] [2025-04-05T15:21:53.954Z] Command:       /opt/homebrew/Cellar/node/23.9.0/bin/node /Users/aunyapatnitijarasrat/Documents/SE 2/cicdassignment/node_modules/.bin/firebase emulators:start
[debug] [2025-04-05T15:21:53.955Z] CLI Version:   14.1.0
[debug] [2025-04-05T15:21:53.955Z] Platform:      darwin
[debug] [2025-04-05T15:21:53.955Z] Node Version:  v23.9.0
[debug] [2025-04-05T15:21:53.955Z] Time:          Sat Apr 05 2025 22:21:53 GMT+0700 (Indochina Time)
[debug] [2025-04-05T15:21:53.955Z] ----------------------------------------------------------------------
[debug] 
[debug] [2025-04-05T15:21:54.029Z] > command requires scopes: ["email","openid","https://www.googleapis.com/auth/cloudplatformprojects.readonly","https://www.googleapis.com/auth/firebase","https://www.googleapis.com/auth/cloud-platform"]
[debug] [2025-04-05T15:21:54.029Z] > authorizing via signed-in user (6530428621@student.chula.ac.th)
[info] i  emulators: Starting emulators: hosting {"metadata":{"emulator":{"name":"hub"},"message":"Starting emulators: hosting"}}
[debug] [2025-04-05T15:21:54.208Z] [logging] Logging Emulator only supports listening on one address (127.0.0.1). Not listening on ::1
[debug] [2025-04-05T15:21:54.208Z] [hosting] Hosting Emulator only supports listening on one address (127.0.0.1). Not listening on ::1
[debug] [2025-04-05T15:21:54.208Z] assigned listening specs for emulators {"user":{"hub":[{"address":"127.0.0.1","family":"IPv4","port":4400},{"address":"::1","family":"IPv6","port":4400}],"logging":[{"address":"127.0.0.1","family":"IPv4","port":4500}],"hosting":[{"address":"127.0.0.1","family":"IPv4","port":9999}]},"metadata":{"message":"assigned listening specs for emulators"}}
[debug] [2025-04-05T15:21:54.210Z] [hub] writing locator at /var/folders/3b/h5dkwrln4j56_vplts272nfm0000gn/T/hub-cicd-assignment-1fed6.json
[debug] [2025-04-05T15:21:54.215Z] Checked if tokens are valid: true, expires at: 1743869421891
[debug] [2025-04-05T15:21:54.215Z] Checked if tokens are valid: true, expires at: 1743869421891
[debug] [2025-04-05T15:21:54.215Z] >>> [apiv2][query] GET https://firebasehosting.googleapis.com/v1beta1/projects/cicd-assignment-1fed6/sites 
[debug] [2025-04-05T15:21:55.441Z] <<< [apiv2][status] GET https://firebasehosting.googleapis.com/v1beta1/projects/cicd-assignment-1fed6/sites 200
[debug] [2025-04-05T15:21:55.441Z] <<< [apiv2][body] GET https://firebasehosting.googleapis.com/v1beta1/projects/cicd-assignment-1fed6/sites {"sites":[{"name":"projects/cicd-assignment-1fed6/sites/cicd-assignment-1fed6","defaultUrl":"https://cicd-assignment-1fed6.web.app","type":"DEFAULT_SITE"}]}
[debug] [2025-04-05T15:21:55.441Z] Checked if tokens are valid: true, expires at: 1743869421891
[debug] [2025-04-05T15:21:55.441Z] Checked if tokens are valid: true, expires at: 1743869421891
[debug] [2025-04-05T15:21:55.441Z] >>> [apiv2][query] GET https://firebase.googleapis.com/v1beta1/projects/cicd-assignment-1fed6/webApps/-/config [none]
[debug] [2025-04-05T15:21:56.449Z] <<< [apiv2][status] GET https://firebase.googleapis.com/v1beta1/projects/cicd-assignment-1fed6/webApps/-/config 200
[debug] [2025-04-05T15:21:56.449Z] <<< [apiv2][body] GET https://firebase.googleapis.com/v1beta1/projects/cicd-assignment-1fed6/webApps/-/config {"projectId":"cicd-assignment-1fed6","storageBucket":"cicd-assignment-1fed6.firebasestorage.app","apiKey":"AIzaSyArjMN1mrFKobZcEYPmz3zSKZgKvuOh1Bo","authDomain":"cicd-assignment-1fed6.firebaseapp.com","messagingSenderId":"475954135104"}
[debug] [2025-04-05T15:21:56.460Z] Checked if tokens are valid: true, expires at: 1743869421891
[debug] [2025-04-05T15:21:56.460Z] Checked if tokens are valid: true, expires at: 1743869421891
[debug] [2025-04-05T15:21:56.460Z] >>> [apiv2][query] GET https://firebase.googleapis.com/v1beta1/projects/cicd-assignment-1fed6 [none]
[debug] [2025-04-05T15:21:57.538Z] <<< [apiv2][status] GET https://firebase.googleapis.com/v1beta1/projects/cicd-assignment-1fed6 200
[debug] [2025-04-05T15:21:57.538Z] <<< [apiv2][body] GET https://firebase.googleapis.com/v1beta1/projects/cicd-assignment-1fed6 {"projectId":"cicd-assignment-1fed6","projectNumber":"475954135104","displayName":"cicd-assignment","name":"projects/cicd-assignment-1fed6","resources":{"hostingSite":"cicd-assignment-1fed6"},"state":"ACTIVE","etag":"1_4253958c-bdf2-41bf-b77a-42dc0fc6d7e4"}
[info] i  hosting[cicd-assignment-1fed6]: Serving hosting files from: public {"metadata":{"emulator":{"name":"hosting"},"message":"Serving hosting files from: \u001b[1mpublic\u001b[22m"}}
[info] ✔  hosting[cicd-assignment-1fed6]: Local server: http://127.0.0.1:9999 {"metadata":{"emulator":{"name":"hosting"},"message":"Local server: \u001b[4m\u001b[1mhttp://127.0.0.1:9999\u001b[22m\u001b[24m"}}
[warn] ⚠  emulators: The Emulator UI is not starting, either because none of the running emulators have a UI component or the Emulator UI cannot determine the Project ID. Pass the --project flag to specify a project. {"metadata":{"emulator":{"name":"hub"},"message":"The Emulator UI is not starting, either because none of the running emulators have a UI component or the Emulator UI cannot determine the Project ID. Pass the --project flag to specify a project."}}
[debug] [2025-04-05T15:21:57.585Z] Could not find VSCode notification endpoint: FetchError: request to http://localhost:40001/vscode/notify failed, reason: . If you are not running the Firebase Data Connect VSCode extension, this is expected and not an issue.
[info] 
┌─────────────────────────────────────────────────────────────┐
│ ✔  All emulators ready! It is now safe to connect your app. │
└─────────────────────────────────────────────────────────────┘

┌──────────┬────────────────┐
│ Emulator │ Host:Port      │
├──────────┼────────────────┤
│ Hosting  │ 127.0.0.1:9999 │
└──────────┴────────────────┘
  Emulator Hub host: 127.0.0.1 port: 4400
  Other reserved ports: 4500

Issues? Report them at https://github.com/firebase/firebase-tools/issues and attach the *-debug.log files.
 
